0 info it worked if it ends with ok
1 verbose cli [ 'C:\\Program Files\\nodejs\\node.exe',
1 verbose cli   'C:\\Program Files\\nodejs\\node_modules\\npm\\bin\\npm-cli.js',
1 verbose cli   'install',
1 verbose cli   'bootstrap',
1 verbose cli   '-',
1 verbose cli   'g' ]
2 info using npm@3.10.10
3 info using node@v6.11.4
4 silly loadCurrentTree Starting
5 silly install loadCurrentTree
6 silly install readLocalPackageData
7 silly fetchPackageMetaData bootstrap
8 silly fetchPackageMetaData -
9 silly fetchPackageMetaData g
10 silly fetchNamedPackageData bootstrap
11 silly mapToRegistry name bootstrap
12 silly mapToRegistry using default registry
13 silly mapToRegistry registry https://registry.npmjs.org/
14 silly mapToRegistry data Result {
14 silly mapToRegistry   raw: 'bootstrap',
14 silly mapToRegistry   scope: null,
14 silly mapToRegistry   escapedName: 'bootstrap',
14 silly mapToRegistry   name: 'bootstrap',
14 silly mapToRegistry   rawSpec: '',
14 silly mapToRegistry   spec: 'latest',
14 silly mapToRegistry   type: 'tag' }
15 silly mapToRegistry uri https://registry.npmjs.org/bootstrap
16 silly fetchOtherPackageData -
17 silly cache add args [ '-', null ]
18 verbose cache add spec -
19 silly fetchNamedPackageData g
20 silly mapToRegistry name g
21 silly mapToRegistry using default registry
22 silly mapToRegistry registry https://registry.npmjs.org/
23 silly mapToRegistry data Result {
23 silly mapToRegistry   raw: 'g',
23 silly mapToRegistry   scope: null,
23 silly mapToRegistry   escapedName: 'g',
23 silly mapToRegistry   name: 'g',
23 silly mapToRegistry   rawSpec: '',
23 silly mapToRegistry   spec: 'latest',
23 silly mapToRegistry   type: 'tag' }
24 silly mapToRegistry uri https://registry.npmjs.org/g
25 silly cache add parsed spec Result {
25 silly cache add   raw: '-',
25 silly cache add   scope: null,
25 silly cache add   escapedName: null,
25 silly cache add   name: null,
25 silly cache add   rawSpec: '-',
25 silly cache add   spec: 'C:\\Users\\cmgon\\Desktop\\Random projects\\create\\-',
25 silly cache add   type: 'local' }
26 verbose request uri https://registry.npmjs.org/g
27 verbose request no auth needed
28 info attempt registry request try #1 at 3:07:32 PM
29 verbose request id ffaa8bc924426400
30 http request GET https://registry.npmjs.org/g
31 error addLocal Could not install C:\Users\cmgon\Desktop\Random projects\create\-
32 silly fetchPackageMetaData Error: ENOENT: no such file or directory, open 'C:\Users\cmgon\Desktop\Random projects\create\-'
32 silly fetchPackageMetaData     at Error (native)
32 silly fetchPackageMetaData  error for - { Error: ENOENT: no such file or directory, open 'C:\Users\cmgon\Desktop\Random projects\create\-'
32 silly fetchPackageMetaData     at Error (native)
32 silly fetchPackageMetaData   errno: -4058,
32 silly fetchPackageMetaData   code: 'ENOENT',
32 silly fetchPackageMetaData   syscall: 'open',
32 silly fetchPackageMetaData   path: 'C:\\Users\\cmgon\\Desktop\\Random projects\\create\\-' }
33 verbose request uri https://registry.npmjs.org/bootstrap
34 verbose request no auth needed
35 info attempt registry request try #1 at 3:07:32 PM
36 verbose etag "5a30f9d2-10658"
37 verbose lastModified Wed, 13 Dec 2017 9:58:42 GMT
38 http request GET https://registry.npmjs.org/bootstrap
39 http 304 https://registry.npmjs.org/bootstrap
40 verbose headers { date: 'Thu, 14 Dec 2017 23:07:37 GMT',
40 verbose headers   via: '1.1 varnish',
40 verbose headers   'cache-control': 'max-age=300',
40 verbose headers   etag: '"5a30f9d2-10658"',
40 verbose headers   age: '3890',
40 verbose headers   connection: 'keep-alive',
40 verbose headers   'x-served-by': 'cache-sjc3646-SJC',
40 verbose headers   'x-cache': 'HIT',
40 verbose headers   'x-cache-hits': '3',
40 verbose headers   'x-timer': 'S1513292857.166023,VS0,VE0',
40 verbose headers   vary: 'Accept-Encoding, Accept' }
41 silly get cb [ 304,
41 silly get   { date: 'Thu, 14 Dec 2017 23:07:37 GMT',
41 silly get     via: '1.1 varnish',
41 silly get     'cache-control': 'max-age=300',
41 silly get     etag: '"5a30f9d2-10658"',
41 silly get     age: '3890',
41 silly get     connection: 'keep-alive',
41 silly get     'x-served-by': 'cache-sjc3646-SJC',
41 silly get     'x-cache': 'HIT',
41 silly get     'x-cache-hits': '3',
41 silly get     'x-timer': 'S1513292857.166023,VS0,VE0',
41 silly get     vary: 'Accept-Encoding, Accept' } ]
42 verbose etag https://registry.npmjs.org/bootstrap from cache
43 verbose get saving bootstrap to C:\Users\cmgon\AppData\Roaming\npm-cache\registry.npmjs.org\bootstrap\.cache.json
44 verbose correctMkdir C:\Users\cmgon\AppData\Roaming\npm-cache correctMkdir not in flight; initializing
45 http 200 https://registry.npmjs.org/g
46 verbose headers { 'content-type': 'application/json; charset=UTF-8',
46 verbose headers   server: 'UploadServer',
46 verbose headers   'cache-control': 'max-age=300',
46 verbose headers   'last-modified': 'Sat, 14 May 2016 3:19:21 GMT',
46 verbose headers   etag: '"57369939-205b"',
46 verbose headers   'content-encoding': 'gzip',
46 verbose headers   'content-length': '1712',
46 verbose headers   'accept-ranges': 'bytes',
46 verbose headers   date: 'Thu, 14 Dec 2017 23:07:37 GMT',
46 verbose headers   via: '1.1 varnish',
46 verbose headers   age: '0',
46 verbose headers   connection: 'keep-alive',
46 verbose headers   'x-served-by': 'cache-sjc3138-SJC',
46 verbose headers   'x-cache': 'MISS',
46 verbose headers   'x-cache-hits': '0',
46 verbose headers   'x-timer': 'S1513292857.166029,VS0,VE112',
46 verbose headers   vary: 'Accept-Encoding, Accept' }
47 silly get cb [ 200,
47 silly get   { 'content-type': 'application/json; charset=UTF-8',
47 silly get     server: 'UploadServer',
47 silly get     'cache-control': 'max-age=300',
47 silly get     'last-modified': 'Sat, 14 May 2016 3:19:21 GMT',
47 silly get     etag: '"57369939-205b"',
47 silly get     'content-encoding': 'gzip',
47 silly get     'content-length': '1712',
47 silly get     'accept-ranges': 'bytes',
47 silly get     date: 'Thu, 14 Dec 2017 23:07:37 GMT',
47 silly get     via: '1.1 varnish',
47 silly get     age: '0',
47 silly get     connection: 'keep-alive',
47 silly get     'x-served-by': 'cache-sjc3138-SJC',
47 silly get     'x-cache': 'MISS',
47 silly get     'x-cache-hits': '0',
47 silly get     'x-timer': 'S1513292857.166029,VS0,VE112',
47 silly get     vary: 'Accept-Encoding, Accept' } ]
48 verbose get saving g to C:\Users\cmgon\AppData\Roaming\npm-cache\registry.npmjs.org\g\.cache.json
49 verbose correctMkdir C:\Users\cmgon\AppData\Roaming\npm-cache correctMkdir not in flight; initializing
50 silly rollbackFailedOptional Starting
51 silly rollbackFailedOptional Finishing
52 silly runTopLevelLifecycles Finishing
53 silly install printInstalled
54 verbose stack Error: ENOENT: no such file or directory, open 'C:\Users\cmgon\Desktop\Random projects\create\-'
54 verbose stack     at Error (native)
55 verbose cwd C:\Users\cmgon\Desktop\Random projects\create
56 error Windows_NT 10.0.16299
57 error argv "C:\\Program Files\\nodejs\\node.exe" "C:\\Program Files\\nodejs\\node_modules\\npm\\bin\\npm-cli.js" "install" "bootstrap" "-" "g"
58 error node v6.11.4
59 error npm  v3.10.10
60 error path C:\Users\cmgon\Desktop\Random projects\create\-
61 error code ENOENT
62 error errno -4058
63 error syscall open
64 error enoent ENOENT: no such file or directory, open 'C:\Users\cmgon\Desktop\Random projects\create\-'
65 error enoent ENOENT: no such file or directory, open 'C:\Users\cmgon\Desktop\Random projects\create\-'
65 error enoent This is most likely not a problem with npm itself
65 error enoent and is related to npm not being able to find a file.
66 verbose exit [ -4058, true ]
